<?xml version="1.0" encoding="UTF-8"?>
<!-- Generated by org.testng.reporters.JUnitReportReporter -->
<testsuite hostname="Oviya" failures="0" tests="1" name="com.dk.testcases.VerifyInquiryRegisterTest" time="5.216" errors="0" timestamp="2023-05-27T04:47:22 IST" skipped="0">
  <testcase classname="com.dk.testcases.VerifyInquiryRegisterTest" name="getInquiryRegisterdetails" time="5.216"/>
  <system-out/>
</testsuite> <!-- com.dk.testcases.VerifyInquiryRegisterTest -->
