<?xml version="1.0" encoding="UTF-8"?>
<!-- Generated by org.testng.reporters.JUnitReportReporter -->
<testsuite hostname="Oviya" failures="0" tests="1" name="com.dk.testcases.VerifyTitleOfByAutomation" time="5.558" errors="0" timestamp="2023-06-03T04:02:32 IST" skipped="0">
  <testcase classname="com.dk.testcases.VerifyTitleOfByAutomation" name="getBymatAutomationTitletest" time="5.558"/>
  <system-out/>
</testsuite> <!-- com.dk.testcases.VerifyTitleOfByAutomation -->
