<?xml version="1.0" encoding="UTF-8"?>
<!-- Generated by org.testng.reporters.JUnitReportReporter -->
<testsuite hostname="Oviya" failures="0" tests="1" name="com.dk.testcases.VerifySocialMediaLinkTest" time="2.675" errors="0" timestamp="2023-05-29T17:22:32 IST" skipped="0">
  <testcase classname="com.dk.testcases.VerifySocialMediaLinkTest" name="AllSocialMediaLink" time="2.675"/>
  <system-out/>
</testsuite> <!-- com.dk.testcases.VerifySocialMediaLinkTest -->
