<?xml version="1.0" encoding="UTF-8"?>
<!-- Generated by org.testng.reporters.JUnitReportReporter -->
<testsuite hostname="Oviya" failures="0" tests="1" name="com.dk.basic.ExcelUtils" time="0.475" errors="0" timestamp="2023-05-28T14:49:13 IST" skipped="0">
  <testcase classname="com.dk.basic.ExcelUtils" name="excelUtilTest" time="0.475"/>
  <system-out/>
</testsuite> <!-- com.dk.basic.ExcelUtils -->
