<?xml version="1.0" encoding="UTF-8"?>
<!-- Generated by org.testng.reporters.JUnitReportReporter -->
<testsuite hostname="Oviya" failures="0" tests="1" name="com.dk.testcases.VerifyTitleOfByAutomation" time="4.088" errors="0" timestamp="2023-05-29T18:39:47 IST" skipped="0">
  <testcase classname="com.dk.testcases.VerifyTitleOfByAutomation" name="getBymatAutomationTitletest" time="4.088"/>
  <system-out/>
</testsuite> <!-- com.dk.testcases.VerifyTitleOfByAutomation -->
