<?xml version="1.0" encoding="UTF-8"?>
<!-- Generated by org.testng.reporters.JUnitReportReporter -->
<testsuite hostname="Oviya" failures="0" tests="1" name="com.dk.testcases.ExcelTest" time="0.343" errors="0" timestamp="2023-05-27T23:53:31 IST" skipped="0">
  <testcase classname="com.dk.testcases.ExcelTest" name="excel" time="0.343"/>
  <system-out/>
</testsuite> <!-- com.dk.testcases.ExcelTest -->
