<?xml version="1.0" encoding="UTF-8"?>
<!-- Generated by org.testng.reporters.JUnitReportReporter -->
<testsuite hostname="Oviya" failures="0" tests="1" name="com.dk.testcases.VerifyInquiryRegisterTest1" time="3.885" errors="0" timestamp="2023-05-29T17:22:32 IST" skipped="0">
  <testcase classname="com.dk.testcases.VerifyInquiryRegisterTest1" name="getTitletest" time="3.885"/>
  <system-out/>
</testsuite> <!-- com.dk.testcases.VerifyInquiryRegisterTest1 -->
