<?xml version="1.0" encoding="UTF-8"?>
<!-- Generated by org.testng.reporters.JUnitReportReporter -->
<testsuite hostname="Oviya" failures="0" tests="1" name="com.dk.testcases.VerifySeleniumButton" time="4.053" errors="0" timestamp="2023-05-27T04:47:22 IST" skipped="0">
  <testcase classname="com.dk.testcases.VerifySeleniumButton" name="clickonSeleniumButtonTest" time="4.053"/>
  <system-out/>
</testsuite> <!-- com.dk.testcases.VerifySeleniumButton -->
