<?xml version="1.0" encoding="UTF-8"?>
<!-- Generated by org.testng.reporters.JUnitReportReporter -->
<testsuite hostname="Oviya" failures="0" tests="1" name="com.dk.testcases.VerifyTitleOfByAutomation" time="5.636" errors="0" timestamp="2023-05-27T01:28:54 IST" skipped="0">
  <testcase classname="com.dk.testcases.VerifyTitleOfByAutomation" name="getTitletest" time="5.636"/>
  <system-out/>
</testsuite> <!-- com.dk.testcases.VerifyTitleOfByAutomation -->
